Board: 'chipKIT WiFire'
Magic opcodes: enabled
Load file: 'boot-test.hex', 1660 bytes

***** Start 'microAptivP' *****
microAptivP : Write C0STAT       = 00400004
microAptivP : Write C0SRSCTL     = 1c000000
microAptivP : Write C0PRID       = 00019e28
microAptivP : Write C0EBASE      = 80000000
microAptivP : Write C0CONFIG     = 80000482
microAptivP : Write C0CONFIG1    = 9e000002
microAptivP : Write C0CONFIG2    = 80000000
microAptivP : Write C0CONFIG3    = 8022bc60
microAptivP : Write C0CONFIG4    = 80000000
microAptivP : Write C0CONFIG5    = 00000001
microAptivP : Write C0CONFIG7    = 80040000
microAptivP : Write C0DEBUG      = 02028000
microAptivP : bfc00000 1fc00000 2: 40804800 MTC0 	$0, C0COUNT
Info (MIPS32_EXCEPT) microAptivP: Count (Compare=0 Count=0 CauseDC=0) - schedule timer interrupt after 4294967295 (0xffffffff)
microAptivP : bfc00004 1fc00004 2: 40116000 MFC0 	$17, C0STAT
microAptivP : Write GPR[17]      = 00400004
microAptivP : bfc00008 1fc00008 2: 7e3104c0 EXT  	$17, $17, 0x13, 0x1
microAptivP : Write GPR[17]      = 00000000
microAptivP : bfc0000c 1fc0000c 2: 12200009 BEQZ 	$17, 0xbfc00034
microAptivP : bfc00010 1fc00010 2: 00000000 NOP  	
microAptivP : bfc00034 1fc00034 2: 3c01dead LUI  	$1, 0xdead
microAptivP : Write GPR[ 1]      = dead0000
microAptivP : bfc00038 1fc00038 2: 3421beef ORI  	$1, $1, 0xbeef
microAptivP : Write GPR[ 1]      = deadbeef
microAptivP : bfc0003c 1fc0003c 2: 401d6002 MFC0 	$29, C0SRSCTL
microAptivP : Write GPR[29]      = 1c000000
microAptivP : bfc00040 1fc00040 2: 7fbe1e80 EXT  	$30, $29, 0x1a, 0x4
microAptivP : Write GPR[30]      = 00000007
microAptivP : bfc00044 1fc00044 2: 7fdd4984 INS  	$29, $30, 0x6, 0x4
microAptivP : Write GPR[29]      = 1c0001c0
microAptivP : bfc00048 1fc00048 2: 409d6002 MTC0 	$29, C0SRSCTL
microAptivP : Write C0SRSCTL     = 1c0001c0
microAptivP : bfc0004c 1fc0004c 2: 41c10800 WRPGPR	$1, $1
microAptivP : Write GPR[ 1]s[7]  = deadbeef
microAptivP : bfc00050 1fc00050 2: 41c11000 WRPGPR	$2, $1
microAptivP : Write GPR[ 2]s[7]  = deadbeef
microAptivP : bfc00054 1fc00054 2: 41c11800 WRPGPR	$3, $1
microAptivP : Write GPR[ 3]s[7]  = deadbeef
microAptivP : bfc00058 1fc00058 2: 41c12000 WRPGPR	$4, $1
microAptivP : Write GPR[ 4]s[7]  = deadbeef
microAptivP : bfc0005c 1fc0005c 2: 41c12800 WRPGPR	$5, $1
microAptivP : Write GPR[ 5]s[7]  = deadbeef
microAptivP : bfc00060 1fc00060 2: 41c13000 WRPGPR	$6, $1
microAptivP : Write GPR[ 6]s[7]  = deadbeef
microAptivP : bfc00064 1fc00064 2: 41c13800 WRPGPR	$7, $1
microAptivP : Write GPR[ 7]s[7]  = deadbeef
microAptivP : bfc00068 1fc00068 2: 41c14000 WRPGPR	$8, $1
microAptivP : Write GPR[ 8]s[7]  = deadbeef
microAptivP : bfc0006c 1fc0006c 2: 41c14800 WRPGPR	$9, $1
microAptivP : Write GPR[ 9]s[7]  = deadbeef
microAptivP : bfc00070 1fc00070 2: 41c15000 WRPGPR	$10, $1
microAptivP : Write GPR[10]s[7]  = deadbeef
microAptivP : bfc00074 1fc00074 2: 41c15800 WRPGPR	$11, $1
microAptivP : Write GPR[11]s[7]  = deadbeef
microAptivP : bfc00078 1fc00078 2: 41c16000 WRPGPR	$12, $1
microAptivP : Write GPR[12]s[7]  = deadbeef
microAptivP : bfc0007c 1fc0007c 2: 41c16800 WRPGPR	$13, $1
microAptivP : Write GPR[13]s[7]  = deadbeef
microAptivP : bfc00080 1fc00080 2: 41c17000 WRPGPR	$14, $1
microAptivP : Write GPR[14]s[7]  = deadbeef
microAptivP : bfc00084 1fc00084 2: 41c17800 WRPGPR	$15, $1
microAptivP : Write GPR[15]s[7]  = deadbeef
microAptivP : bfc00088 1fc00088 2: 41c18000 WRPGPR	$16, $1
microAptivP : Write GPR[16]s[7]  = deadbeef
microAptivP : bfc0008c 1fc0008c 2: 41c18800 WRPGPR	$17, $1
microAptivP : Write GPR[17]s[7]  = deadbeef
microAptivP : bfc00090 1fc00090 2: 41c19000 WRPGPR	$18, $1
microAptivP : Write GPR[18]s[7]  = deadbeef
microAptivP : bfc00094 1fc00094 2: 41c19800 WRPGPR	$19, $1
microAptivP : Write GPR[19]s[7]  = deadbeef
microAptivP : bfc00098 1fc00098 2: 41c1a000 WRPGPR	$20, $1
microAptivP : Write GPR[20]s[7]  = deadbeef
microAptivP : bfc0009c 1fc0009c 2: 41c1a800 WRPGPR	$21, $1
microAptivP : Write GPR[21]s[7]  = deadbeef
microAptivP : bfc000a0 1fc000a0 2: 41c1b000 WRPGPR	$22, $1
microAptivP : Write GPR[22]s[7]  = deadbeef
microAptivP : bfc000a4 1fc000a4 2: 41c1b800 WRPGPR	$23, $1
microAptivP : Write GPR[23]s[7]  = deadbeef
microAptivP : bfc000a8 1fc000a8 2: 41c1c000 WRPGPR	$24, $1
microAptivP : Write GPR[24]s[7]  = deadbeef
microAptivP : bfc000ac 1fc000ac 2: 41c1c800 WRPGPR	$25, $1
microAptivP : Write GPR[25]s[7]  = deadbeef
microAptivP : bfc000b0 1fc000b0 2: 41c1d000 WRPGPR	$26, $1
microAptivP : Write GPR[26]s[7]  = deadbeef
microAptivP : bfc000b4 1fc000b4 2: 41c1d800 WRPGPR	$27, $1
microAptivP : Write GPR[27]s[7]  = deadbeef
microAptivP : bfc000b8 1fc000b8 2: 41c1e000 WRPGPR	$28, $1
microAptivP : Write GPR[28]s[7]  = deadbeef
microAptivP : bfc000bc 1fc000bc 2: 13c00005 BEQZ 	$30, 0xbfc000d4
microAptivP : bfc000c0 1fc000c0 2: 41c1e800 WRPGPR	$29, $1
microAptivP : Write GPR[29]s[7]  = deadbeef
microAptivP : bfc000c4 1fc000c4 2: 41c1f000 WRPGPR	$30, $1
microAptivP : Write GPR[30]s[7]  = deadbeef
microAptivP : bfc000c8 1fc000c8 2: 41c1f800 WRPGPR	$31, $1
microAptivP : Write GPR[31]s[7]  = deadbeef
microAptivP : bfc000cc 1fc000cc 2: 1000ffdd B    	0xbfc00044
microAptivP : bfc000d0 1fc000d0 2: 23deffff ADDI 	$30, $30, -1
microAptivP : Write GPR[30]      = 00000006
microAptivP : bfc00044 1fc00044 2: 7fdd4984 INS  	$29, $30, 0x6, 0x4
microAptivP : Write GPR[29]      = 1c000180
microAptivP : bfc00048 1fc00048 2: 409d6002 MTC0 	$29, C0SRSCTL
microAptivP : Write C0SRSCTL     = 1c000180
microAptivP : bfc0004c 1fc0004c 2: 41c10800 WRPGPR	$1, $1
microAptivP : Write GPR[ 1]s[6]  = deadbeef
microAptivP : bfc00050 1fc00050 2: 41c11000 WRPGPR	$2, $1
microAptivP : Write GPR[ 2]s[6]  = deadbeef
microAptivP : bfc00054 1fc00054 2: 41c11800 WRPGPR	$3, $1
microAptivP : Write GPR[ 3]s[6]  = deadbeef
microAptivP : bfc00058 1fc00058 2: 41c12000 WRPGPR	$4, $1
microAptivP : Write GPR[ 4]s[6]  = deadbeef
microAptivP : bfc0005c 1fc0005c 2: 41c12800 WRPGPR	$5, $1
microAptivP : Write GPR[ 5]s[6]  = deadbeef
microAptivP : bfc00060 1fc00060 2: 41c13000 WRPGPR	$6, $1
microAptivP : Write GPR[ 6]s[6]  = deadbeef
microAptivP : bfc00064 1fc00064 2: 41c13800 WRPGPR	$7, $1
microAptivP : Write GPR[ 7]s[6]  = deadbeef
microAptivP : bfc00068 1fc00068 2: 41c14000 WRPGPR	$8, $1
microAptivP : Write GPR[ 8]s[6]  = deadbeef
microAptivP : bfc0006c 1fc0006c 2: 41c14800 WRPGPR	$9, $1
microAptivP : Write GPR[ 9]s[6]  = deadbeef
microAptivP : bfc00070 1fc00070 2: 41c15000 WRPGPR	$10, $1
microAptivP : Write GPR[10]s[6]  = deadbeef
microAptivP : bfc00074 1fc00074 2: 41c15800 WRPGPR	$11, $1
microAptivP : Write GPR[11]s[6]  = deadbeef
microAptivP : bfc00078 1fc00078 2: 41c16000 WRPGPR	$12, $1
microAptivP : Write GPR[12]s[6]  = deadbeef
microAptivP : bfc0007c 1fc0007c 2: 41c16800 WRPGPR	$13, $1
microAptivP : Write GPR[13]s[6]  = deadbeef
microAptivP : bfc00080 1fc00080 2: 41c17000 WRPGPR	$14, $1
microAptivP : Write GPR[14]s[6]  = deadbeef
microAptivP : bfc00084 1fc00084 2: 41c17800 WRPGPR	$15, $1
microAptivP : Write GPR[15]s[6]  = deadbeef
microAptivP : bfc00088 1fc00088 2: 41c18000 WRPGPR	$16, $1
microAptivP : Write GPR[16]s[6]  = deadbeef
microAptivP : bfc0008c 1fc0008c 2: 41c18800 WRPGPR	$17, $1
microAptivP : Write GPR[17]s[6]  = deadbeef
microAptivP : bfc00090 1fc00090 2: 41c19000 WRPGPR	$18, $1
microAptivP : Write GPR[18]s[6]  = deadbeef
microAptivP : bfc00094 1fc00094 2: 41c19800 WRPGPR	$19, $1
microAptivP : Write GPR[19]s[6]  = deadbeef
microAptivP : bfc00098 1fc00098 2: 41c1a000 WRPGPR	$20, $1
microAptivP : Write GPR[20]s[6]  = deadbeef
microAptivP : bfc0009c 1fc0009c 2: 41c1a800 WRPGPR	$21, $1
microAptivP : Write GPR[21]s[6]  = deadbeef
microAptivP : bfc000a0 1fc000a0 2: 41c1b000 WRPGPR	$22, $1
microAptivP : Write GPR[22]s[6]  = deadbeef
microAptivP : bfc000a4 1fc000a4 2: 41c1b800 WRPGPR	$23, $1
microAptivP : Write GPR[23]s[6]  = deadbeef
microAptivP : bfc000a8 1fc000a8 2: 41c1c000 WRPGPR	$24, $1
microAptivP : Write GPR[24]s[6]  = deadbeef
microAptivP : bfc000ac 1fc000ac 2: 41c1c800 WRPGPR	$25, $1
microAptivP : Write GPR[25]s[6]  = deadbeef
microAptivP : bfc000b0 1fc000b0 2: 41c1d000 WRPGPR	$26, $1
microAptivP : Write GPR[26]s[6]  = deadbeef
microAptivP : bfc000b4 1fc000b4 2: 41c1d800 WRPGPR	$27, $1
microAptivP : Write GPR[27]s[6]  = deadbeef
microAptivP : bfc000b8 1fc000b8 2: 41c1e000 WRPGPR	$28, $1
microAptivP : Write GPR[28]s[6]  = deadbeef
microAptivP : bfc000bc 1fc000bc 2: 13c00005 BEQZ 	$30, 0xbfc000d4
microAptivP : bfc000c0 1fc000c0 2: 41c1e800 WRPGPR	$29, $1
microAptivP : Write GPR[29]s[6]  = deadbeef
microAptivP : bfc000c4 1fc000c4 2: 41c1f000 WRPGPR	$30, $1
microAptivP : Write GPR[30]s[6]  = deadbeef
microAptivP : bfc000c8 1fc000c8 2: 41c1f800 WRPGPR	$31, $1
microAptivP : Write GPR[31]s[6]  = deadbeef
microAptivP : bfc000cc 1fc000cc 2: 1000ffdd B    	0xbfc00044
microAptivP : bfc000d0 1fc000d0 2: 23deffff ADDI 	$30, $30, -1
microAptivP : Write GPR[30]      = 00000005
microAptivP : bfc00044 1fc00044 2: 7fdd4984 INS  	$29, $30, 0x6, 0x4
microAptivP : Write GPR[29]      = 1c000140
microAptivP : bfc00048 1fc00048 2: 409d6002 MTC0 	$29, C0SRSCTL
microAptivP : Write C0SRSCTL     = 1c000140
microAptivP : bfc0004c 1fc0004c 2: 41c10800 WRPGPR	$1, $1
microAptivP : Write GPR[ 1]s[5]  = deadbeef
microAptivP : bfc00050 1fc00050 2: 41c11000 WRPGPR	$2, $1
microAptivP : Write GPR[ 2]s[5]  = deadbeef
microAptivP : bfc00054 1fc00054 2: 41c11800 WRPGPR	$3, $1
microAptivP : Write GPR[ 3]s[5]  = deadbeef
microAptivP : bfc00058 1fc00058 2: 41c12000 WRPGPR	$4, $1
microAptivP : Write GPR[ 4]s[5]  = deadbeef
microAptivP : bfc0005c 1fc0005c 2: 41c12800 WRPGPR	$5, $1
microAptivP : Write GPR[ 5]s[5]  = deadbeef
microAptivP : bfc00060 1fc00060 2: 41c13000 WRPGPR	$6, $1
microAptivP : Write GPR[ 6]s[5]  = deadbeef
microAptivP : bfc00064 1fc00064 2: 41c13800 WRPGPR	$7, $1
microAptivP : Write GPR[ 7]s[5]  = deadbeef
microAptivP : bfc00068 1fc00068 2: 41c14000 WRPGPR	$8, $1
microAptivP : Write GPR[ 8]s[5]  = deadbeef
microAptivP : bfc0006c 1fc0006c 2: 41c14800 WRPGPR	$9, $1
microAptivP : Write GPR[ 9]s[5]  = deadbeef
microAptivP : bfc00070 1fc00070 2: 41c15000 WRPGPR	$10, $1
microAptivP : Write GPR[10]s[5]  = deadbeef
microAptivP : bfc00074 1fc00074 2: 41c15800 WRPGPR	$11, $1
microAptivP : Write GPR[11]s[5]  = deadbeef
microAptivP : bfc00078 1fc00078 2: 41c16000 WRPGPR	$12, $1
microAptivP : Write GPR[12]s[5]  = deadbeef
microAptivP : bfc0007c 1fc0007c 2: 41c16800 WRPGPR	$13, $1
microAptivP : Write GPR[13]s[5]  = deadbeef
microAptivP : bfc00080 1fc00080 2: 41c17000 WRPGPR	$14, $1
microAptivP : Write GPR[14]s[5]  = deadbeef
microAptivP : bfc00084 1fc00084 2: 41c17800 WRPGPR	$15, $1
microAptivP : Write GPR[15]s[5]  = deadbeef
microAptivP : bfc00088 1fc00088 2: 41c18000 WRPGPR	$16, $1
microAptivP : Write GPR[16]s[5]  = deadbeef
microAptivP : bfc0008c 1fc0008c 2: 41c18800 WRPGPR	$17, $1
microAptivP : Write GPR[17]s[5]  = deadbeef
microAptivP : bfc00090 1fc00090 2: 41c19000 WRPGPR	$18, $1
microAptivP : Write GPR[18]s[5]  = deadbeef
microAptivP : bfc00094 1fc00094 2: 41c19800 WRPGPR	$19, $1
microAptivP : Write GPR[19]s[5]  = deadbeef
microAptivP : bfc00098 1fc00098 2: 41c1a000 WRPGPR	$20, $1
microAptivP : Write GPR[20]s[5]  = deadbeef
microAptivP : bfc0009c 1fc0009c 2: 41c1a800 WRPGPR	$21, $1
microAptivP : Write GPR[21]s[5]  = deadbeef
microAptivP : bfc000a0 1fc000a0 2: 41c1b000 WRPGPR	$22, $1
microAptivP : Write GPR[22]s[5]  = deadbeef
microAptivP : bfc000a4 1fc000a4 2: 41c1b800 WRPGPR	$23, $1
microAptivP : Write GPR[23]s[5]  = deadbeef
microAptivP : bfc000a8 1fc000a8 2: 41c1c000 WRPGPR	$24, $1
microAptivP : Write GPR[24]s[5]  = deadbeef
microAptivP : bfc000ac 1fc000ac 2: 41c1c800 WRPGPR	$25, $1
microAptivP : Write GPR[25]s[5]  = deadbeef
microAptivP : bfc000b0 1fc000b0 2: 41c1d000 WRPGPR	$26, $1
microAptivP : Write GPR[26]s[5]  = deadbeef
microAptivP : bfc000b4 1fc000b4 2: 41c1d800 WRPGPR	$27, $1
microAptivP : Write GPR[27]s[5]  = deadbeef
microAptivP : bfc000b8 1fc000b8 2: 41c1e000 WRPGPR	$28, $1
microAptivP : Write GPR[28]s[5]  = deadbeef
microAptivP : bfc000bc 1fc000bc 2: 13c00005 BEQZ 	$30, 0xbfc000d4
microAptivP : bfc000c0 1fc000c0 2: 41c1e800 WRPGPR	$29, $1
microAptivP : Write GPR[29]s[5]  = deadbeef
microAptivP : bfc000c4 1fc000c4 2: 41c1f000 WRPGPR	$30, $1
microAptivP : Write GPR[30]s[5]  = deadbeef
microAptivP : bfc000c8 1fc000c8 2: 41c1f800 WRPGPR	$31, $1
microAptivP : Write GPR[31]s[5]  = deadbeef
microAptivP : bfc000cc 1fc000cc 2: 1000ffdd B    	0xbfc00044
microAptivP : bfc000d0 1fc000d0 2: 23deffff ADDI 	$30, $30, -1
microAptivP : Write GPR[30]      = 00000004
microAptivP : bfc00044 1fc00044 2: 7fdd4984 INS  	$29, $30, 0x6, 0x4
microAptivP : Write GPR[29]      = 1c000100
microAptivP : bfc00048 1fc00048 2: 409d6002 MTC0 	$29, C0SRSCTL
microAptivP : Write C0SRSCTL     = 1c000100
microAptivP : bfc0004c 1fc0004c 2: 41c10800 WRPGPR	$1, $1
microAptivP : Write GPR[ 1]s[4]  = deadbeef
microAptivP : bfc00050 1fc00050 2: 41c11000 WRPGPR	$2, $1
microAptivP : Write GPR[ 2]s[4]  = deadbeef
microAptivP : bfc00054 1fc00054 2: 41c11800 WRPGPR	$3, $1
microAptivP : Write GPR[ 3]s[4]  = deadbeef
microAptivP : bfc00058 1fc00058 2: 41c12000 WRPGPR	$4, $1
microAptivP : Write GPR[ 4]s[4]  = deadbeef
microAptivP : bfc0005c 1fc0005c 2: 41c12800 WRPGPR	$5, $1
microAptivP : Write GPR[ 5]s[4]  = deadbeef
microAptivP : bfc00060 1fc00060 2: 41c13000 WRPGPR	$6, $1
microAptivP : Write GPR[ 6]s[4]  = deadbeef
microAptivP : bfc00064 1fc00064 2: 41c13800 WRPGPR	$7, $1
microAptivP : Write GPR[ 7]s[4]  = deadbeef
microAptivP : bfc00068 1fc00068 2: 41c14000 WRPGPR	$8, $1
microAptivP : Write GPR[ 8]s[4]  = deadbeef
microAptivP : bfc0006c 1fc0006c 2: 41c14800 WRPGPR	$9, $1
microAptivP : Write GPR[ 9]s[4]  = deadbeef
microAptivP : bfc00070 1fc00070 2: 41c15000 WRPGPR	$10, $1
microAptivP : Write GPR[10]s[4]  = deadbeef
microAptivP : bfc00074 1fc00074 2: 41c15800 WRPGPR	$11, $1
microAptivP : Write GPR[11]s[4]  = deadbeef
microAptivP : bfc00078 1fc00078 2: 41c16000 WRPGPR	$12, $1
microAptivP : Write GPR[12]s[4]  = deadbeef
microAptivP : bfc0007c 1fc0007c 2: 41c16800 WRPGPR	$13, $1
microAptivP : Write GPR[13]s[4]  = deadbeef
microAptivP : bfc00080 1fc00080 2: 41c17000 WRPGPR	$14, $1
microAptivP : Write GPR[14]s[4]  = deadbeef
microAptivP : bfc00084 1fc00084 2: 41c17800 WRPGPR	$15, $1
microAptivP : Write GPR[15]s[4]  = deadbeef
microAptivP : bfc00088 1fc00088 2: 41c18000 WRPGPR	$16, $1
microAptivP : Write GPR[16]s[4]  = deadbeef
microAptivP : bfc0008c 1fc0008c 2: 41c18800 WRPGPR	$17, $1
microAptivP : Write GPR[17]s[4]  = deadbeef
microAptivP : bfc00090 1fc00090 2: 41c19000 WRPGPR	$18, $1
microAptivP : Write GPR[18]s[4]  = deadbeef
microAptivP : bfc00094 1fc00094 2: 41c19800 WRPGPR	$19, $1
microAptivP : Write GPR[19]s[4]  = deadbeef
microAptivP : bfc00098 1fc00098 2: 41c1a000 WRPGPR	$20, $1
microAptivP : Write GPR[20]s[4]  = deadbeef
microAptivP : bfc0009c 1fc0009c 2: 41c1a800 WRPGPR	$21, $1
microAptivP : Write GPR[21]s[4]  = deadbeef
microAptivP : bfc000a0 1fc000a0 2: 41c1b000 WRPGPR	$22, $1
microAptivP : Write GPR[22]s[4]  = deadbeef
microAptivP : bfc000a4 1fc000a4 2: 41c1b800 WRPGPR	$23, $1
microAptivP : Write GPR[23]s[4]  = deadbeef
microAptivP : bfc000a8 1fc000a8 2: 41c1c000 WRPGPR	$24, $1
microAptivP : Write GPR[24]s[4]  = deadbeef
microAptivP : bfc000ac 1fc000ac 2: 41c1c800 WRPGPR	$25, $1
microAptivP : Write GPR[25]s[4]  = deadbeef
microAptivP : bfc000b0 1fc000b0 2: 41c1d000 WRPGPR	$26, $1
microAptivP : Write GPR[26]s[4]  = deadbeef
microAptivP : bfc000b4 1fc000b4 2: 41c1d800 WRPGPR	$27, $1
microAptivP : Write GPR[27]s[4]  = deadbeef
microAptivP : bfc000b8 1fc000b8 2: 41c1e000 WRPGPR	$28, $1
microAptivP : Write GPR[28]s[4]  = deadbeef
microAptivP : bfc000bc 1fc000bc 2: 13c00005 BEQZ 	$30, 0xbfc000d4
microAptivP : bfc000c0 1fc000c0 2: 41c1e800 WRPGPR	$29, $1
microAptivP : Write GPR[29]s[4]  = deadbeef
microAptivP : bfc000c4 1fc000c4 2: 41c1f000 WRPGPR	$30, $1
microAptivP : Write GPR[30]s[4]  = deadbeef
microAptivP : bfc000c8 1fc000c8 2: 41c1f800 WRPGPR	$31, $1
microAptivP : Write GPR[31]s[4]  = deadbeef
microAptivP : bfc000cc 1fc000cc 2: 1000ffdd B    	0xbfc00044
microAptivP : bfc000d0 1fc000d0 2: 23deffff ADDI 	$30, $30, -1
microAptivP : Write GPR[30]      = 00000003
microAptivP : bfc00044 1fc00044 2: 7fdd4984 INS  	$29, $30, 0x6, 0x4
microAptivP : Write GPR[29]      = 1c0000c0
microAptivP : bfc00048 1fc00048 2: 409d6002 MTC0 	$29, C0SRSCTL
microAptivP : Write C0SRSCTL     = 1c0000c0
microAptivP : bfc0004c 1fc0004c 2: 41c10800 WRPGPR	$1, $1
microAptivP : Write GPR[ 1]s[3]  = deadbeef
microAptivP : bfc00050 1fc00050 2: 41c11000 WRPGPR	$2, $1
microAptivP : Write GPR[ 2]s[3]  = deadbeef
microAptivP : bfc00054 1fc00054 2: 41c11800 WRPGPR	$3, $1
microAptivP : Write GPR[ 3]s[3]  = deadbeef
microAptivP : bfc00058 1fc00058 2: 41c12000 WRPGPR	$4, $1
microAptivP : Write GPR[ 4]s[3]  = deadbeef
microAptivP : bfc0005c 1fc0005c 2: 41c12800 WRPGPR	$5, $1
microAptivP : Write GPR[ 5]s[3]  = deadbeef
microAptivP : bfc00060 1fc00060 2: 41c13000 WRPGPR	$6, $1
microAptivP : Write GPR[ 6]s[3]  = deadbeef
microAptivP : bfc00064 1fc00064 2: 41c13800 WRPGPR	$7, $1
microAptivP : Write GPR[ 7]s[3]  = deadbeef
microAptivP : bfc00068 1fc00068 2: 41c14000 WRPGPR	$8, $1
microAptivP : Write GPR[ 8]s[3]  = deadbeef
microAptivP : bfc0006c 1fc0006c 2: 41c14800 WRPGPR	$9, $1
microAptivP : Write GPR[ 9]s[3]  = deadbeef
microAptivP : bfc00070 1fc00070 2: 41c15000 WRPGPR	$10, $1
microAptivP : Write GPR[10]s[3]  = deadbeef
microAptivP : bfc00074 1fc00074 2: 41c15800 WRPGPR	$11, $1
microAptivP : Write GPR[11]s[3]  = deadbeef
microAptivP : bfc00078 1fc00078 2: 41c16000 WRPGPR	$12, $1
microAptivP : Write GPR[12]s[3]  = deadbeef
microAptivP : bfc0007c 1fc0007c 2: 41c16800 WRPGPR	$13, $1
microAptivP : Write GPR[13]s[3]  = deadbeef
microAptivP : bfc00080 1fc00080 2: 41c17000 WRPGPR	$14, $1
microAptivP : Write GPR[14]s[3]  = deadbeef
microAptivP : bfc00084 1fc00084 2: 41c17800 WRPGPR	$15, $1
microAptivP : Write GPR[15]s[3]  = deadbeef
microAptivP : bfc00088 1fc00088 2: 41c18000 WRPGPR	$16, $1
microAptivP : Write GPR[16]s[3]  = deadbeef
microAptivP : bfc0008c 1fc0008c 2: 41c18800 WRPGPR	$17, $1
microAptivP : Write GPR[17]s[3]  = deadbeef
microAptivP : bfc00090 1fc00090 2: 41c19000 WRPGPR	$18, $1
microAptivP : Write GPR[18]s[3]  = deadbeef
microAptivP : bfc00094 1fc00094 2: 41c19800 WRPGPR	$19, $1
microAptivP : Write GPR[19]s[3]  = deadbeef
microAptivP : bfc00098 1fc00098 2: 41c1a000 WRPGPR	$20, $1
microAptivP : Write GPR[20]s[3]  = deadbeef
microAptivP : bfc0009c 1fc0009c 2: 41c1a800 WRPGPR	$21, $1
microAptivP : Write GPR[21]s[3]  = deadbeef
microAptivP : bfc000a0 1fc000a0 2: 41c1b000 WRPGPR	$22, $1
microAptivP : Write GPR[22]s[3]  = deadbeef
microAptivP : bfc000a4 1fc000a4 2: 41c1b800 WRPGPR	$23, $1
microAptivP : Write GPR[23]s[3]  = deadbeef
microAptivP : bfc000a8 1fc000a8 2: 41c1c000 WRPGPR	$24, $1
microAptivP : Write GPR[24]s[3]  = deadbeef
microAptivP : bfc000ac 1fc000ac 2: 41c1c800 WRPGPR	$25, $1
microAptivP : Write GPR[25]s[3]  = deadbeef
microAptivP : bfc000b0 1fc000b0 2: 41c1d000 WRPGPR	$26, $1
microAptivP : Write GPR[26]s[3]  = deadbeef
microAptivP : bfc000b4 1fc000b4 2: 41c1d800 WRPGPR	$27, $1
microAptivP : Write GPR[27]s[3]  = deadbeef
microAptivP : bfc000b8 1fc000b8 2: 41c1e000 WRPGPR	$28, $1
microAptivP : Write GPR[28]s[3]  = deadbeef
microAptivP : bfc000bc 1fc000bc 2: 13c00005 BEQZ 	$30, 0xbfc000d4
microAptivP : bfc000c0 1fc000c0 2: 41c1e800 WRPGPR	$29, $1
microAptivP : Write GPR[29]s[3]  = deadbeef
microAptivP : bfc000c4 1fc000c4 2: 41c1f000 WRPGPR	$30, $1
microAptivP : Write GPR[30]s[3]  = deadbeef
microAptivP : bfc000c8 1fc000c8 2: 41c1f800 WRPGPR	$31, $1
microAptivP : Write GPR[31]s[3]  = deadbeef
microAptivP : bfc000cc 1fc000cc 2: 1000ffdd B    	0xbfc00044
microAptivP : bfc000d0 1fc000d0 2: 23deffff ADDI 	$30, $30, -1
microAptivP : Write GPR[30]      = 00000002
microAptivP : bfc00044 1fc00044 2: 7fdd4984 INS  	$29, $30, 0x6, 0x4
microAptivP : Write GPR[29]      = 1c000080
microAptivP : bfc00048 1fc00048 2: 409d6002 MTC0 	$29, C0SRSCTL
microAptivP : Write C0SRSCTL     = 1c000080
microAptivP : bfc0004c 1fc0004c 2: 41c10800 WRPGPR	$1, $1
microAptivP : Write GPR[ 1]s[2]  = deadbeef
microAptivP : bfc00050 1fc00050 2: 41c11000 WRPGPR	$2, $1
microAptivP : Write GPR[ 2]s[2]  = deadbeef
microAptivP : bfc00054 1fc00054 2: 41c11800 WRPGPR	$3, $1
microAptivP : Write GPR[ 3]s[2]  = deadbeef
microAptivP : bfc00058 1fc00058 2: 41c12000 WRPGPR	$4, $1
microAptivP : Write GPR[ 4]s[2]  = deadbeef
microAptivP : bfc0005c 1fc0005c 2: 41c12800 WRPGPR	$5, $1
microAptivP : Write GPR[ 5]s[2]  = deadbeef
microAptivP : bfc00060 1fc00060 2: 41c13000 WRPGPR	$6, $1
microAptivP : Write GPR[ 6]s[2]  = deadbeef
microAptivP : bfc00064 1fc00064 2: 41c13800 WRPGPR	$7, $1
microAptivP : Write GPR[ 7]s[2]  = deadbeef
microAptivP : bfc00068 1fc00068 2: 41c14000 WRPGPR	$8, $1
microAptivP : Write GPR[ 8]s[2]  = deadbeef
microAptivP : bfc0006c 1fc0006c 2: 41c14800 WRPGPR	$9, $1
microAptivP : Write GPR[ 9]s[2]  = deadbeef
microAptivP : bfc00070 1fc00070 2: 41c15000 WRPGPR	$10, $1
microAptivP : Write GPR[10]s[2]  = deadbeef
microAptivP : bfc00074 1fc00074 2: 41c15800 WRPGPR	$11, $1
microAptivP : Write GPR[11]s[2]  = deadbeef
microAptivP : bfc00078 1fc00078 2: 41c16000 WRPGPR	$12, $1
microAptivP : Write GPR[12]s[2]  = deadbeef
microAptivP : bfc0007c 1fc0007c 2: 41c16800 WRPGPR	$13, $1
microAptivP : Write GPR[13]s[2]  = deadbeef
microAptivP : bfc00080 1fc00080 2: 41c17000 WRPGPR	$14, $1
microAptivP : Write GPR[14]s[2]  = deadbeef
microAptivP : bfc00084 1fc00084 2: 41c17800 WRPGPR	$15, $1
microAptivP : Write GPR[15]s[2]  = deadbeef
microAptivP : bfc00088 1fc00088 2: 41c18000 WRPGPR	$16, $1
microAptivP : Write GPR[16]s[2]  = deadbeef
microAptivP : bfc0008c 1fc0008c 2: 41c18800 WRPGPR	$17, $1
microAptivP : Write GPR[17]s[2]  = deadbeef
microAptivP : bfc00090 1fc00090 2: 41c19000 WRPGPR	$18, $1
microAptivP : Write GPR[18]s[2]  = deadbeef
microAptivP : bfc00094 1fc00094 2: 41c19800 WRPGPR	$19, $1
microAptivP : Write GPR[19]s[2]  = deadbeef
microAptivP : bfc00098 1fc00098 2: 41c1a000 WRPGPR	$20, $1
microAptivP : Write GPR[20]s[2]  = deadbeef
microAptivP : bfc0009c 1fc0009c 2: 41c1a800 WRPGPR	$21, $1
microAptivP : Write GPR[21]s[2]  = deadbeef
microAptivP : bfc000a0 1fc000a0 2: 41c1b000 WRPGPR	$22, $1
microAptivP : Write GPR[22]s[2]  = deadbeef
microAptivP : bfc000a4 1fc000a4 2: 41c1b800 WRPGPR	$23, $1
microAptivP : Write GPR[23]s[2]  = deadbeef
microAptivP : bfc000a8 1fc000a8 2: 41c1c000 WRPGPR	$24, $1
microAptivP : Write GPR[24]s[2]  = deadbeef
microAptivP : bfc000ac 1fc000ac 2: 41c1c800 WRPGPR	$25, $1
microAptivP : Write GPR[25]s[2]  = deadbeef
microAptivP : bfc000b0 1fc000b0 2: 41c1d000 WRPGPR	$26, $1
microAptivP : Write GPR[26]s[2]  = deadbeef
microAptivP : bfc000b4 1fc000b4 2: 41c1d800 WRPGPR	$27, $1
microAptivP : Write GPR[27]s[2]  = deadbeef
microAptivP : bfc000b8 1fc000b8 2: 41c1e000 WRPGPR	$28, $1
microAptivP : Write GPR[28]s[2]  = deadbeef
microAptivP : bfc000bc 1fc000bc 2: 13c00005 BEQZ 	$30, 0xbfc000d4
microAptivP : bfc000c0 1fc000c0 2: 41c1e800 WRPGPR	$29, $1
microAptivP : Write GPR[29]s[2]  = deadbeef
microAptivP : bfc000c4 1fc000c4 2: 41c1f000 WRPGPR	$30, $1
microAptivP : Write GPR[30]s[2]  = deadbeef
microAptivP : bfc000c8 1fc000c8 2: 41c1f800 WRPGPR	$31, $1
microAptivP : Write GPR[31]s[2]  = deadbeef
microAptivP : bfc000cc 1fc000cc 2: 1000ffdd B    	0xbfc00044
microAptivP : bfc000d0 1fc000d0 2: 23deffff ADDI 	$30, $30, -1
microAptivP : Write GPR[30]      = 00000001
microAptivP : bfc00044 1fc00044 2: 7fdd4984 INS  	$29, $30, 0x6, 0x4
microAptivP : Write GPR[29]      = 1c000040
microAptivP : bfc00048 1fc00048 2: 409d6002 MTC0 	$29, C0SRSCTL
microAptivP : Write C0SRSCTL     = 1c000040
microAptivP : bfc0004c 1fc0004c 2: 41c10800 WRPGPR	$1, $1
microAptivP : Write GPR[ 1]s[1]  = deadbeef
microAptivP : bfc00050 1fc00050 2: 41c11000 WRPGPR	$2, $1
microAptivP : Write GPR[ 2]s[1]  = deadbeef
microAptivP : bfc00054 1fc00054 2: 41c11800 WRPGPR	$3, $1
microAptivP : Write GPR[ 3]s[1]  = deadbeef
microAptivP : bfc00058 1fc00058 2: 41c12000 WRPGPR	$4, $1
microAptivP : Write GPR[ 4]s[1]  = deadbeef
microAptivP : bfc0005c 1fc0005c 2: 41c12800 WRPGPR	$5, $1
microAptivP : Write GPR[ 5]s[1]  = deadbeef
microAptivP : bfc00060 1fc00060 2: 41c13000 WRPGPR	$6, $1
microAptivP : Write GPR[ 6]s[1]  = deadbeef
microAptivP : bfc00064 1fc00064 2: 41c13800 WRPGPR	$7, $1
microAptivP : Write GPR[ 7]s[1]  = deadbeef
microAptivP : bfc00068 1fc00068 2: 41c14000 WRPGPR	$8, $1
microAptivP : Write GPR[ 8]s[1]  = deadbeef
microAptivP : bfc0006c 1fc0006c 2: 41c14800 WRPGPR	$9, $1
microAptivP : Write GPR[ 9]s[1]  = deadbeef
microAptivP : bfc00070 1fc00070 2: 41c15000 WRPGPR	$10, $1
microAptivP : Write GPR[10]s[1]  = deadbeef
microAptivP : bfc00074 1fc00074 2: 41c15800 WRPGPR	$11, $1
microAptivP : Write GPR[11]s[1]  = deadbeef
microAptivP : bfc00078 1fc00078 2: 41c16000 WRPGPR	$12, $1
microAptivP : Write GPR[12]s[1]  = deadbeef
microAptivP : bfc0007c 1fc0007c 2: 41c16800 WRPGPR	$13, $1
microAptivP : Write GPR[13]s[1]  = deadbeef
microAptivP : bfc00080 1fc00080 2: 41c17000 WRPGPR	$14, $1
microAptivP : Write GPR[14]s[1]  = deadbeef
microAptivP : bfc00084 1fc00084 2: 41c17800 WRPGPR	$15, $1
microAptivP : Write GPR[15]s[1]  = deadbeef
microAptivP : bfc00088 1fc00088 2: 41c18000 WRPGPR	$16, $1
microAptivP : Write GPR[16]s[1]  = deadbeef
microAptivP : bfc0008c 1fc0008c 2: 41c18800 WRPGPR	$17, $1
microAptivP : Write GPR[17]s[1]  = deadbeef
microAptivP : bfc00090 1fc00090 2: 41c19000 WRPGPR	$18, $1
microAptivP : Write GPR[18]s[1]  = deadbeef
microAptivP : bfc00094 1fc00094 2: 41c19800 WRPGPR	$19, $1
microAptivP : Write GPR[19]s[1]  = deadbeef
microAptivP : bfc00098 1fc00098 2: 41c1a000 WRPGPR	$20, $1
microAptivP : Write GPR[20]s[1]  = deadbeef
microAptivP : bfc0009c 1fc0009c 2: 41c1a800 WRPGPR	$21, $1
microAptivP : Write GPR[21]s[1]  = deadbeef
microAptivP : bfc000a0 1fc000a0 2: 41c1b000 WRPGPR	$22, $1
microAptivP : Write GPR[22]s[1]  = deadbeef
microAptivP : bfc000a4 1fc000a4 2: 41c1b800 WRPGPR	$23, $1
microAptivP : Write GPR[23]s[1]  = deadbeef
microAptivP : bfc000a8 1fc000a8 2: 41c1c000 WRPGPR	$24, $1
microAptivP : Write GPR[24]s[1]  = deadbeef
microAptivP : bfc000ac 1fc000ac 2: 41c1c800 WRPGPR	$25, $1
microAptivP : Write GPR[25]s[1]  = deadbeef
microAptivP : bfc000b0 1fc000b0 2: 41c1d000 WRPGPR	$26, $1
microAptivP : Write GPR[26]s[1]  = deadbeef
microAptivP : bfc000b4 1fc000b4 2: 41c1d800 WRPGPR	$27, $1
microAptivP : Write GPR[27]s[1]  = deadbeef
microAptivP : bfc000b8 1fc000b8 2: 41c1e000 WRPGPR	$28, $1
microAptivP : Write GPR[28]s[1]  = deadbeef
microAptivP : bfc000bc 1fc000bc 2: 13c00005 BEQZ 	$30, 0xbfc000d4
microAptivP : bfc000c0 1fc000c0 2: 41c1e800 WRPGPR	$29, $1
microAptivP : Write GPR[29]s[1]  = deadbeef
microAptivP : bfc000c4 1fc000c4 2: 41c1f000 WRPGPR	$30, $1
microAptivP : Write GPR[30]s[1]  = deadbeef
microAptivP : bfc000c8 1fc000c8 2: 41c1f800 WRPGPR	$31, $1
microAptivP : Write GPR[31]s[1]  = deadbeef
microAptivP : bfc000cc 1fc000cc 2: 1000ffdd B    	0xbfc00044
microAptivP : bfc000d0 1fc000d0 2: 23deffff ADDI 	$30, $30, -1
microAptivP : Write GPR[30]      = 00000000
microAptivP : bfc00044 1fc00044 2: 7fdd4984 INS  	$29, $30, 0x6, 0x4
microAptivP : Write GPR[29]      = 1c000000
microAptivP : bfc00048 1fc00048 2: 409d6002 MTC0 	$29, C0SRSCTL
microAptivP : Write C0SRSCTL     = 1c000000
microAptivP : bfc0004c 1fc0004c 2: 41c10800 WRPGPR	$1, $1
microAptivP : bfc00050 1fc00050 2: 41c11000 WRPGPR	$2, $1
microAptivP : Write GPR[ 2]      = deadbeef
microAptivP : bfc00054 1fc00054 2: 41c11800 WRPGPR	$3, $1
microAptivP : Write GPR[ 3]      = deadbeef
microAptivP : bfc00058 1fc00058 2: 41c12000 WRPGPR	$4, $1
microAptivP : Write GPR[ 4]      = deadbeef
microAptivP : bfc0005c 1fc0005c 2: 41c12800 WRPGPR	$5, $1
microAptivP : Write GPR[ 5]      = deadbeef
microAptivP : bfc00060 1fc00060 2: 41c13000 WRPGPR	$6, $1
microAptivP : Write GPR[ 6]      = deadbeef
microAptivP : bfc00064 1fc00064 2: 41c13800 WRPGPR	$7, $1
microAptivP : Write GPR[ 7]      = deadbeef
microAptivP : bfc00068 1fc00068 2: 41c14000 WRPGPR	$8, $1
microAptivP : Write GPR[ 8]      = deadbeef
microAptivP : bfc0006c 1fc0006c 2: 41c14800 WRPGPR	$9, $1
microAptivP : Write GPR[ 9]      = deadbeef
microAptivP : bfc00070 1fc00070 2: 41c15000 WRPGPR	$10, $1
microAptivP : Write GPR[10]      = deadbeef
microAptivP : bfc00074 1fc00074 2: 41c15800 WRPGPR	$11, $1
microAptivP : Write GPR[11]      = deadbeef
microAptivP : bfc00078 1fc00078 2: 41c16000 WRPGPR	$12, $1
microAptivP : Write GPR[12]      = deadbeef
microAptivP : bfc0007c 1fc0007c 2: 41c16800 WRPGPR	$13, $1
microAptivP : Write GPR[13]      = deadbeef
microAptivP : bfc00080 1fc00080 2: 41c17000 WRPGPR	$14, $1
microAptivP : Write GPR[14]      = deadbeef
microAptivP : bfc00084 1fc00084 2: 41c17800 WRPGPR	$15, $1
microAptivP : Write GPR[15]      = deadbeef
microAptivP : bfc00088 1fc00088 2: 41c18000 WRPGPR	$16, $1
microAptivP : Write GPR[16]      = deadbeef
microAptivP : bfc0008c 1fc0008c 2: 41c18800 WRPGPR	$17, $1
microAptivP : Write GPR[17]      = deadbeef
microAptivP : bfc00090 1fc00090 2: 41c19000 WRPGPR	$18, $1
microAptivP : Write GPR[18]      = deadbeef
microAptivP : bfc00094 1fc00094 2: 41c19800 WRPGPR	$19, $1
microAptivP : Write GPR[19]      = deadbeef
microAptivP : bfc00098 1fc00098 2: 41c1a000 WRPGPR	$20, $1
microAptivP : Write GPR[20]      = deadbeef
microAptivP : bfc0009c 1fc0009c 2: 41c1a800 WRPGPR	$21, $1
microAptivP : Write GPR[21]      = deadbeef
microAptivP : bfc000a0 1fc000a0 2: 41c1b000 WRPGPR	$22, $1
microAptivP : Write GPR[22]      = deadbeef
microAptivP : bfc000a4 1fc000a4 2: 41c1b800 WRPGPR	$23, $1
microAptivP : Write GPR[23]      = deadbeef
microAptivP : bfc000a8 1fc000a8 2: 41c1c000 WRPGPR	$24, $1
microAptivP : Write GPR[24]      = deadbeef
microAptivP : bfc000ac 1fc000ac 2: 41c1c800 WRPGPR	$25, $1
microAptivP : Write GPR[25]      = deadbeef
microAptivP : bfc000b0 1fc000b0 2: 41c1d000 WRPGPR	$26, $1
microAptivP : Write GPR[26]      = deadbeef
microAptivP : bfc000b4 1fc000b4 2: 41c1d800 WRPGPR	$27, $1
microAptivP : Write GPR[27]      = deadbeef
microAptivP : bfc000b8 1fc000b8 2: 41c1e000 WRPGPR	$28, $1
microAptivP : Write GPR[28]      = deadbeef
microAptivP : bfc000bc 1fc000bc 2: 13c00005 BEQZ 	$30, 0xbfc000d4
microAptivP : bfc000c0 1fc000c0 2: 41c1e800 WRPGPR	$29, $1
microAptivP : Write GPR[29]      = deadbeef
microAptivP : bfc000d4 1fc000d4 2: 3c030040 LUI  	$3, 0x40
microAptivP : Write GPR[ 3]      = 00400000
microAptivP : bfc000d8 1fc000d8 2: 34630404 ORI  	$3, $3, 0x404
microAptivP : Write GPR[ 3]      = 00400404
microAptivP : bfc000dc 1fc000dc 2: 40836000 MTC0 	$3, C0STAT
microAptivP : Write C0STAT       = 00400404
microAptivP : Write C0VIEWIPL    = 00000004
microAptivP : bfc000e0 1fc000e0 2: 40028001 MFC0 	$2, C0CONFIG1
microAptivP : Write GPR[ 2]      = 9e000002
microAptivP : bfc000e4 1fc000e4 2: 7c4300c0 EXT  	$3, $2, 0x3, 0x1
microAptivP : Write GPR[ 3]      = 00000000
microAptivP : bfc000e8 1fc000e8 2: 1060001f BEQZ 	$3, 0xbfc00168
microAptivP : bfc000ec 1fc000ec 2: 24030007 LI   	$3, 7
microAptivP : Write GPR[ 3]      = 00000007
microAptivP : bfc00168 1fc00168 2: 40806800 MTC0 	$0, C0CAUS
microAptivP : bfc0016c 1fc0016c 2: 100000e4 B    	0xbfc00500
microAptivP : bfc00170 1fc00170 2: 40805800 MTC0 	$0, C0COMP
Info (MIPS32_EXCEPT) microAptivP: Compare modified (Compare=0 Count=302 CauseDC=0) - schedule timer interrupt after 4294966993 (0xfffffed1)
microAptivP : bfc00500 1fc00500 2: 40038000 MFC0 	$3, C0CONFIG
microAptivP : Write GPR[ 3]      = 80000482
microAptivP : bfc00504 1fc00504 2: 7c6311c0 EXT  	$3, $3, 0x7, 0x3
microAptivP : Write GPR[ 3]      = 00000001
microAptivP : bfc00508 1fc00508 2: 24070001 LI   	$7, 1
microAptivP : Write GPR[ 7]      = 00000001
microAptivP : bfc0050c 1fc0050c 2: 1467000e BNE  	$3, $7, 0xbfc00548
microAptivP : bfc00510 1fc00510 2: 40028001 MFC0 	$2, C0CONFIG1
microAptivP : bfc00514 1fc00514 2: 7c432e40 EXT  	$3, $2, 0x19, 0x6
microAptivP : Write GPR[ 3]      = 0000000f
microAptivP : bfc00518 1fc00518 2: 40801000 MTC0 	$0, C0ENLO0
microAptivP : bfc0051c 1fc0051c 2: 40801800 MTC0 	$0, C0ENLO1
microAptivP : bfc00520 1fc00520 2: 40802800 MTC0 	$0, C0PMASK
microAptivP : bfc00524 1fc00524 2: 40803000 MTC0 	$0, C0WIRED
microAptivP : bfc00528 1fc00528 2: 3c048000 LUI  	$4, 0x8000
microAptivP : Write GPR[ 4]      = 80000000
microAptivP : bfc0052c 1fc0052c 2: 40830000 MTC0 	$3, C0IDX
microAptivP : Write C0IDX        = 0000000f
microAptivP : bfc00530 1fc00530 2: 40845000 MTC0 	$4, C0ENHI
microAptivP : Write C0ENHI       = 80000000
microAptivP : bfc00534 1fc00534 2: 000000c0 EHB  	
microAptivP : bfc00538 1fc00538 2: 42000002 TLBWI	
Info (MIPS32_TLB) microAptivP TLBWI FILL TLB index 15, VPN 0x80000000 , PFN0 0x00000000 PFN1 0x00000000 mask 0x00000000 G 0 V0 0 V1 0 D0 0 D1 0 ASID 00000000
microAptivP : Write TLB Entry[15] = 00000000 80000000 00000000 00000000
microAptivP : bfc0053c 1fc0053c 2: 20844000 ADDI 	$4, $4, 16384
microAptivP : Write GPR[ 4]      = 80004000
microAptivP : bfc00540 1fc00540 2: 1460fffa BNEZ 	$3, 0xbfc0052c
microAptivP : bfc00544 1fc00544 2: 2063ffff ADDI 	$3, $3, -1
microAptivP : Write GPR[ 3]      = 0000000e
microAptivP : bfc0052c 1fc0052c 2: 40830000 MTC0 	$3, C0IDX
microAptivP : Write C0IDX        = 0000000e
microAptivP : bfc00530 1fc00530 2: 40845000 MTC0 	$4, C0ENHI
microAptivP : Write C0ENHI       = 80004000
microAptivP : bfc00534 1fc00534 2: 000000c0 EHB  	
microAptivP : bfc00538 1fc00538 2: 42000002 TLBWI	
Info (MIPS32_TLB) microAptivP TLBWI FILL TLB index 14, VPN 0x80004000 , PFN0 0x00000000 PFN1 0x00000000 mask 0x00000000 G 0 V0 0 V1 0 D0 0 D1 0 ASID 00000000
microAptivP : Write TLB Entry[14] = 00000000 80004000 00000000 00000000
microAptivP : bfc0053c 1fc0053c 2: 20844000 ADDI 	$4, $4, 16384
microAptivP : Write GPR[ 4]      = 80008000
microAptivP : bfc00540 1fc00540 2: 1460fffa BNEZ 	$3, 0xbfc0052c
microAptivP : bfc00544 1fc00544 2: 2063ffff ADDI 	$3, $3, -1
microAptivP : Write GPR[ 3]      = 0000000d
microAptivP : bfc0052c 1fc0052c 2: 40830000 MTC0 	$3, C0IDX
microAptivP : Write C0IDX        = 0000000d
microAptivP : bfc00530 1fc00530 2: 40845000 MTC0 	$4, C0ENHI
microAptivP : Write C0ENHI       = 80008000
microAptivP : bfc00534 1fc00534 2: 000000c0 EHB  	
microAptivP : bfc00538 1fc00538 2: 42000002 TLBWI	
Info (MIPS32_TLB) microAptivP TLBWI FILL TLB index 13, VPN 0x80008000 , PFN0 0x00000000 PFN1 0x00000000 mask 0x00000000 G 0 V0 0 V1 0 D0 0 D1 0 ASID 00000000
microAptivP : Write TLB Entry[13] = 00000000 80008000 00000000 00000000
microAptivP : bfc0053c 1fc0053c 2: 20844000 ADDI 	$4, $4, 16384
microAptivP : Write GPR[ 4]      = 8000c000
microAptivP : bfc00540 1fc00540 2: 1460fffa BNEZ 	$3, 0xbfc0052c
microAptivP : bfc00544 1fc00544 2: 2063ffff ADDI 	$3, $3, -1
microAptivP : Write GPR[ 3]      = 0000000c
microAptivP : bfc0052c 1fc0052c 2: 40830000 MTC0 	$3, C0IDX
microAptivP : Write C0IDX        = 0000000c
microAptivP : bfc00530 1fc00530 2: 40845000 MTC0 	$4, C0ENHI
microAptivP : Write C0ENHI       = 8000c000
microAptivP : bfc00534 1fc00534 2: 000000c0 EHB  	
microAptivP : bfc00538 1fc00538 2: 42000002 TLBWI	
Info (MIPS32_TLB) microAptivP TLBWI FILL TLB index 12, VPN 0x8000c000 , PFN0 0x00000000 PFN1 0x00000000 mask 0x00000000 G 0 V0 0 V1 0 D0 0 D1 0 ASID 00000000
microAptivP : Write TLB Entry[12] = 00000000 8000c000 00000000 00000000
microAptivP : bfc0053c 1fc0053c 2: 20844000 ADDI 	$4, $4, 16384
microAptivP : Write GPR[ 4]      = 80010000
microAptivP : bfc00540 1fc00540 2: 1460fffa BNEZ 	$3, 0xbfc0052c
microAptivP : bfc00544 1fc00544 2: 2063ffff ADDI 	$3, $3, -1
microAptivP : Write GPR[ 3]      = 0000000b
microAptivP : bfc0052c 1fc0052c 2: 40830000 MTC0 	$3, C0IDX
microAptivP : Write C0IDX        = 0000000b
microAptivP : bfc00530 1fc00530 2: 40845000 MTC0 	$4, C0ENHI
microAptivP : Write C0ENHI       = 80010000
microAptivP : bfc00534 1fc00534 2: 000000c0 EHB  	
microAptivP : bfc00538 1fc00538 2: 42000002 TLBWI	
Info (MIPS32_TLB) microAptivP TLBWI FILL TLB index 11, VPN 0x80010000 , PFN0 0x00000000 PFN1 0x00000000 mask 0x00000000 G 0 V0 0 V1 0 D0 0 D1 0 ASID 00000000
microAptivP : Write TLB Entry[11] = 00000000 80010000 00000000 00000000
microAptivP : bfc0053c 1fc0053c 2: 20844000 ADDI 	$4, $4, 16384
microAptivP : Write GPR[ 4]      = 80014000
microAptivP : bfc00540 1fc00540 2: 1460fffa BNEZ 	$3, 0xbfc0052c
microAptivP : bfc00544 1fc00544 2: 2063ffff ADDI 	$3, $3, -1
microAptivP : Write GPR[ 3]      = 0000000a
microAptivP : bfc0052c 1fc0052c 2: 40830000 MTC0 	$3, C0IDX
microAptivP : Write C0IDX        = 0000000a
microAptivP : bfc00530 1fc00530 2: 40845000 MTC0 	$4, C0ENHI
microAptivP : Write C0ENHI       = 80014000
microAptivP : bfc00534 1fc00534 2: 000000c0 EHB  	
microAptivP : bfc00538 1fc00538 2: 42000002 TLBWI	
Info (MIPS32_TLB) microAptivP TLBWI FILL TLB index 10, VPN 0x80014000 , PFN0 0x00000000 PFN1 0x00000000 mask 0x00000000 G 0 V0 0 V1 0 D0 0 D1 0 ASID 00000000
microAptivP : Write TLB Entry[10] = 00000000 80014000 00000000 00000000
microAptivP : bfc0053c 1fc0053c 2: 20844000 ADDI 	$4, $4, 16384
microAptivP : Write GPR[ 4]      = 80018000
microAptivP : bfc00540 1fc00540 2: 1460fffa BNEZ 	$3, 0xbfc0052c
microAptivP : bfc00544 1fc00544 2: 2063ffff ADDI 	$3, $3, -1
microAptivP : Write GPR[ 3]      = 00000009
microAptivP : bfc0052c 1fc0052c 2: 40830000 MTC0 	$3, C0IDX
microAptivP : Write C0IDX        = 00000009
microAptivP : bfc00530 1fc00530 2: 40845000 MTC0 	$4, C0ENHI
microAptivP : Write C0ENHI       = 80018000
microAptivP : bfc00534 1fc00534 2: 000000c0 EHB  	
microAptivP : bfc00538 1fc00538 2: 42000002 TLBWI	
Info (MIPS32_TLB) microAptivP TLBWI FILL TLB index 9, VPN 0x80018000 , PFN0 0x00000000 PFN1 0x00000000 mask 0x00000000 G 0 V0 0 V1 0 D0 0 D1 0 ASID 00000000
microAptivP : Write TLB Entry[9] = 00000000 80018000 00000000 00000000
microAptivP : bfc0053c 1fc0053c 2: 20844000 ADDI 	$4, $4, 16384
microAptivP : Write GPR[ 4]      = 8001c000
microAptivP : bfc00540 1fc00540 2: 1460fffa BNEZ 	$3, 0xbfc0052c
microAptivP : bfc00544 1fc00544 2: 2063ffff ADDI 	$3, $3, -1
microAptivP : Write GPR[ 3]      = 00000008
microAptivP : bfc0052c 1fc0052c 2: 40830000 MTC0 	$3, C0IDX
microAptivP : Write C0IDX        = 00000008
microAptivP : bfc00530 1fc00530 2: 40845000 MTC0 	$4, C0ENHI
microAptivP : Write C0ENHI       = 8001c000
microAptivP : bfc00534 1fc00534 2: 000000c0 EHB  	
microAptivP : bfc00538 1fc00538 2: 42000002 TLBWI	
Info (MIPS32_TLB) microAptivP TLBWI FILL TLB index 8, VPN 0x8001c000 , PFN0 0x00000000 PFN1 0x00000000 mask 0x00000000 G 0 V0 0 V1 0 D0 0 D1 0 ASID 00000000
microAptivP : Write TLB Entry[8] = 00000000 8001c000 00000000 00000000
microAptivP : bfc0053c 1fc0053c 2: 20844000 ADDI 	$4, $4, 16384
microAptivP : Write GPR[ 4]      = 80020000
microAptivP : bfc00540 1fc00540 2: 1460fffa BNEZ 	$3, 0xbfc0052c
microAptivP : bfc00544 1fc00544 2: 2063ffff ADDI 	$3, $3, -1
microAptivP : Write GPR[ 3]      = 00000007
microAptivP : bfc0052c 1fc0052c 2: 40830000 MTC0 	$3, C0IDX
microAptivP : Write C0IDX        = 00000007
microAptivP : bfc00530 1fc00530 2: 40845000 MTC0 	$4, C0ENHI
microAptivP : Write C0ENHI       = 80020000
microAptivP : bfc00534 1fc00534 2: 000000c0 EHB  	
microAptivP : bfc00538 1fc00538 2: 42000002 TLBWI	
Info (MIPS32_TLB) microAptivP TLBWI FILL TLB index 7, VPN 0x80020000 , PFN0 0x00000000 PFN1 0x00000000 mask 0x00000000 G 0 V0 0 V1 0 D0 0 D1 0 ASID 00000000
microAptivP : Write TLB Entry[7] = 00000000 80020000 00000000 00000000
microAptivP : bfc0053c 1fc0053c 2: 20844000 ADDI 	$4, $4, 16384
microAptivP : Write GPR[ 4]      = 80024000
microAptivP : bfc00540 1fc00540 2: 1460fffa BNEZ 	$3, 0xbfc0052c
microAptivP : bfc00544 1fc00544 2: 2063ffff ADDI 	$3, $3, -1
microAptivP : Write GPR[ 3]      = 00000006
microAptivP : bfc0052c 1fc0052c 2: 40830000 MTC0 	$3, C0IDX
microAptivP : Write C0IDX        = 00000006
microAptivP : bfc00530 1fc00530 2: 40845000 MTC0 	$4, C0ENHI
microAptivP : Write C0ENHI       = 80024000
microAptivP : bfc00534 1fc00534 2: 000000c0 EHB  	
microAptivP : bfc00538 1fc00538 2: 42000002 TLBWI	
Info (MIPS32_TLB) microAptivP TLBWI FILL TLB index 6, VPN 0x80024000 , PFN0 0x00000000 PFN1 0x00000000 mask 0x00000000 G 0 V0 0 V1 0 D0 0 D1 0 ASID 00000000
microAptivP : Write TLB Entry[6] = 00000000 80024000 00000000 00000000
microAptivP : bfc0053c 1fc0053c 2: 20844000 ADDI 	$4, $4, 16384
microAptivP : Write GPR[ 4]      = 80028000
microAptivP : bfc00540 1fc00540 2: 1460fffa BNEZ 	$3, 0xbfc0052c
microAptivP : bfc00544 1fc00544 2: 2063ffff ADDI 	$3, $3, -1
microAptivP : Write GPR[ 3]      = 00000005
microAptivP : bfc0052c 1fc0052c 2: 40830000 MTC0 	$3, C0IDX
microAptivP : Write C0IDX        = 00000005
microAptivP : bfc00530 1fc00530 2: 40845000 MTC0 	$4, C0ENHI
microAptivP : Write C0ENHI       = 80028000
microAptivP : bfc00534 1fc00534 2: 000000c0 EHB  	
microAptivP : bfc00538 1fc00538 2: 42000002 TLBWI	
Info (MIPS32_TLB) microAptivP TLBWI FILL TLB index 5, VPN 0x80028000 , PFN0 0x00000000 PFN1 0x00000000 mask 0x00000000 G 0 V0 0 V1 0 D0 0 D1 0 ASID 00000000
microAptivP : Write TLB Entry[5] = 00000000 80028000 00000000 00000000
microAptivP : bfc0053c 1fc0053c 2: 20844000 ADDI 	$4, $4, 16384
microAptivP : Write GPR[ 4]      = 8002c000
microAptivP : bfc00540 1fc00540 2: 1460fffa BNEZ 	$3, 0xbfc0052c
microAptivP : bfc00544 1fc00544 2: 2063ffff ADDI 	$3, $3, -1
microAptivP : Write GPR[ 3]      = 00000004
microAptivP : bfc0052c 1fc0052c 2: 40830000 MTC0 	$3, C0IDX
microAptivP : Write C0IDX        = 00000004
microAptivP : bfc00530 1fc00530 2: 40845000 MTC0 	$4, C0ENHI
microAptivP : Write C0ENHI       = 8002c000
microAptivP : bfc00534 1fc00534 2: 000000c0 EHB  	
microAptivP : bfc00538 1fc00538 2: 42000002 TLBWI	
Info (MIPS32_TLB) microAptivP TLBWI FILL TLB index 4, VPN 0x8002c000 , PFN0 0x00000000 PFN1 0x00000000 mask 0x00000000 G 0 V0 0 V1 0 D0 0 D1 0 ASID 00000000
microAptivP : Write TLB Entry[4] = 00000000 8002c000 00000000 00000000
microAptivP : bfc0053c 1fc0053c 2: 20844000 ADDI 	$4, $4, 16384
microAptivP : Write GPR[ 4]      = 80030000
microAptivP : bfc00540 1fc00540 2: 1460fffa BNEZ 	$3, 0xbfc0052c
microAptivP : bfc00544 1fc00544 2: 2063ffff ADDI 	$3, $3, -1
microAptivP : Write GPR[ 3]      = 00000003
microAptivP : bfc0052c 1fc0052c 2: 40830000 MTC0 	$3, C0IDX
microAptivP : Write C0IDX        = 00000003
microAptivP : bfc00530 1fc00530 2: 40845000 MTC0 	$4, C0ENHI
microAptivP : Write C0ENHI       = 80030000
microAptivP : bfc00534 1fc00534 2: 000000c0 EHB  	
microAptivP : bfc00538 1fc00538 2: 42000002 TLBWI	
Info (MIPS32_TLB) microAptivP TLBWI FILL TLB index 3, VPN 0x80030000 , PFN0 0x00000000 PFN1 0x00000000 mask 0x00000000 G 0 V0 0 V1 0 D0 0 D1 0 ASID 00000000
microAptivP : Write TLB Entry[3] = 00000000 80030000 00000000 00000000
microAptivP : bfc0053c 1fc0053c 2: 20844000 ADDI 	$4, $4, 16384
microAptivP : Write GPR[ 4]      = 80034000
microAptivP : bfc00540 1fc00540 2: 1460fffa BNEZ 	$3, 0xbfc0052c
microAptivP : bfc00544 1fc00544 2: 2063ffff ADDI 	$3, $3, -1
microAptivP : Write GPR[ 3]      = 00000002
microAptivP : bfc0052c 1fc0052c 2: 40830000 MTC0 	$3, C0IDX
microAptivP : Write C0IDX        = 00000002
microAptivP : bfc00530 1fc00530 2: 40845000 MTC0 	$4, C0ENHI
microAptivP : Write C0ENHI       = 80034000
microAptivP : bfc00534 1fc00534 2: 000000c0 EHB  	
microAptivP : bfc00538 1fc00538 2: 42000002 TLBWI	
Info (MIPS32_TLB) microAptivP TLBWI FILL TLB index 2, VPN 0x80034000 , PFN0 0x00000000 PFN1 0x00000000 mask 0x00000000 G 0 V0 0 V1 0 D0 0 D1 0 ASID 00000000
microAptivP : Write TLB Entry[2] = 00000000 80034000 00000000 00000000
microAptivP : bfc0053c 1fc0053c 2: 20844000 ADDI 	$4, $4, 16384
microAptivP : Write GPR[ 4]      = 80038000
microAptivP : bfc00540 1fc00540 2: 1460fffa BNEZ 	$3, 0xbfc0052c
microAptivP : bfc00544 1fc00544 2: 2063ffff ADDI 	$3, $3, -1
microAptivP : Write GPR[ 3]      = 00000001
microAptivP : bfc0052c 1fc0052c 2: 40830000 MTC0 	$3, C0IDX
microAptivP : Write C0IDX        = 00000001
microAptivP : bfc00530 1fc00530 2: 40845000 MTC0 	$4, C0ENHI
microAptivP : Write C0ENHI       = 80038000
microAptivP : bfc00534 1fc00534 2: 000000c0 EHB  	
microAptivP : bfc00538 1fc00538 2: 42000002 TLBWI	
Info (MIPS32_TLB) microAptivP TLBWI FILL TLB index 1, VPN 0x80038000 , PFN0 0x00000000 PFN1 0x00000000 mask 0x00000000 G 0 V0 0 V1 0 D0 0 D1 0 ASID 00000000
microAptivP : Write TLB Entry[1] = 00000000 80038000 00000000 00000000
microAptivP : bfc0053c 1fc0053c 2: 20844000 ADDI 	$4, $4, 16384
microAptivP : Write GPR[ 4]      = 8003c000
microAptivP : bfc00540 1fc00540 2: 1460fffa BNEZ 	$3, 0xbfc0052c
microAptivP : bfc00544 1fc00544 2: 2063ffff ADDI 	$3, $3, -1
microAptivP : Write GPR[ 3]      = 00000000
microAptivP : bfc0052c 1fc0052c 2: 40830000 MTC0 	$3, C0IDX
microAptivP : Write C0IDX        = 00000000
microAptivP : bfc00530 1fc00530 2: 40845000 MTC0 	$4, C0ENHI
microAptivP : Write C0ENHI       = 8003c000
microAptivP : bfc00534 1fc00534 2: 000000c0 EHB  	
microAptivP : bfc00538 1fc00538 2: 42000002 TLBWI	
Info (MIPS32_TLB) microAptivP TLBWI FILL TLB index 0, VPN 0x8003c000 , PFN0 0x00000000 PFN1 0x00000000 mask 0x00000000 G 0 V0 0 V1 0 D0 0 D1 0 ASID 00000000
microAptivP : Write TLB Entry[0] = 00000000 8003c000 00000000 00000000
microAptivP : bfc0053c 1fc0053c 2: 20844000 ADDI 	$4, $4, 16384
microAptivP : Write GPR[ 4]      = 80040000
microAptivP : bfc00540 1fc00540 2: 1460fffa BNEZ 	$3, 0xbfc0052c
microAptivP : bfc00544 1fc00544 2: 2063ffff ADDI 	$3, $3, -1
microAptivP : Write GPR[ 3]      = ffffffff
microAptivP : bfc00548 1fc00548 2: 40028001 MFC0 	$2, C0CONFIG1
microAptivP : bfc0054c 1fc0054c 2: 7c4314c0 EXT  	$3, $2, 0x13, 0x3
microAptivP : Write GPR[ 3]      = 00000000
microAptivP : bfc00550 1fc00550 2: 10600013 BEQZ 	$3, 0xbfc005a0
microAptivP : bfc00554 1fc00554 2: 00000000 NOP  	
microAptivP : bfc005a0 1fc005a0 2: 3c069fc0 LUI  	$6, 0x9fc0
microAptivP : Write GPR[ 6]      = 9fc00000
microAptivP : bfc005a4 1fc005a4 2: 24c605b8 ADDIU	$6, $6, 1464
microAptivP : Write GPR[ 6]      = 9fc005b8
microAptivP : bfc005a8 1fc005a8 2: 2405000f LI   	$5, 15
microAptivP : Write GPR[ 5]      = 0000000f
microAptivP : bfc005ac 1fc005ac 2: 7ca6ef44 INS  	$6, $5, 0x1d, 0x1
microAptivP : Write GPR[ 6]      = bfc005b8
microAptivP : bfc005b0 1fc005b0 2: 00c00008 JR   	$6
microAptivP : bfc005b4 1fc005b4 2: 00000000 NOP  	
microAptivP : bfc005b8 1fc005b8 2: 40028000 MFC0 	$2, C0CONFIG
microAptivP : Write GPR[ 2]      = 80000482
microAptivP : bfc005bc 1fc005bc 2: 24030003 LI   	$3, 3
microAptivP : Write GPR[ 3]      = 00000003
microAptivP : bfc005c0 1fc005c0 2: 7c621004 INS  	$2, $3, 0x0, 0x3
microAptivP : Write GPR[ 2]      = 80000483
microAptivP : bfc005c4 1fc005c4 2: 40828000 MTC0 	$2, C0CONFIG
microAptivP : Write C0CONFIG     = 80000483
microAptivP : bfc005c8 1fc005c8 2: 3c069fc0 LUI  	$6, 0x9fc0
microAptivP : Write GPR[ 6]      = 9fc00000
microAptivP : bfc005cc 1fc005cc 2: 24c605d8 ADDIU	$6, $6, 1496
microAptivP : Write GPR[ 6]      = 9fc005d8
microAptivP : bfc005d0 1fc005d0 2: 00c00008 JR   	$6
microAptivP : bfc005d4 1fc005d4 2: 000000c0 EHB  	
microAptivP : 9fc005d8 1fc005d8 3: 40028001 MFC0 	$2, C0CONFIG1
microAptivP : Write GPR[ 2]      = 9e000002
microAptivP : 9fc005dc 1fc005dc 3: 7c431280 EXT  	$3, $2, 0xa, 0x3
microAptivP : Write GPR[ 3]      = 00000000
microAptivP : 9fc005e0 1fc005e0 3: 10600014 BEQZ 	$3, 0x9fc00634
microAptivP : 9fc005e4 1fc005e4 3: 00000000 NOP  	
microAptivP : 9fc00634 1fc00634 3: 3c1d7ff8 LUI  	$29, 0x7ff8
microAptivP : Write GPR[29]      = 7ff80000
microAptivP : 9fc00638 1fc00638 3: 27bdfff0 ADDIU	$29, $29, -16
microAptivP : Write GPR[29]      = 7ff7fff0
microAptivP : 9fc0063c 1fc0063c 3: 3c1c8000 LUI  	$28, 0x8000
microAptivP : Write GPR[28]      = 80000000
microAptivP : 9fc00640 1fc00640 3: 279c0000 ADDIU	$28, $28, 0
microAptivP : 9fc00644 1fc00644 3: 3c1f9fc0 LUI  	$31, 0x9fc0
microAptivP : Write GPR[31]      = 9fc00000
microAptivP : 9fc00648 1fc00648 3: 27ff065c ADDIU	$31, $31, 1628
microAptivP : Write GPR[31]      = 9fc0065c
microAptivP : 9fc0064c 1fc0064c 3: 3c029d00 LUI  	$2, 0x9d00
microAptivP : Write GPR[ 2]      = 9d000000
microAptivP : 9fc00650 1fc00650 3: 24420000 ADDIU	$2, $2, 0
microAptivP : 9fc00654 1fc00654 3: 4082f000 MTC0 	$2, C0ErrorEPC
microAptivP : Write C0ErrorEPC   = 9d000000
microAptivP : 9fc00658 1fc00658 3: 42000018 ERET 	
microAptivP : Write C0STAT       = 00400400
microAptivP : 9d000000 1d000000 3: 40024800 MFC0 	$2, C0COUNT
microAptivP : Write GPR[ 2]      = 000001ca
microAptivP : 9d000004 1d000004 3: af820000 SW   	$2, 0($28)
microAptivP : Memory Write [80000000 00000000 3] = 000001ca
microAptivP : 9d000008 1d000008 3: 03e00008 JR   	$31
microAptivP : 9d00000c 1d00000c 3: 00001021 MOVE 	$2, $0
microAptivP : Write GPR[ 2]      = 00000000
microAptivP : 9fc0065c 1fc0065c 3: 1000ffff B    	0x9fc0065c
microAptivP : 9fc00660 1fc00660 3: 2c00abc2 SLTIU	$0, $0, -21566
Info (MIPS32_AVP) AVP test PASS
***** Stop *****

OVPsim finished: Wed Oct  8 12:40:49 2014


OVPsim (32-Bit) v20140731.0 Open Virtual Platform simulator from www.OVPworld.org.
Visit www.IMPERAS.com for multicore debug, verification and analysis solutions.

